[3552:20528:2024-6-14 18:57:11.51] Main Start
[3552:20528:2024-6-14 18:57:11.51] Command line:"F:\JAVA5\shoppingOnline-service\Zoom_cm_fo42anktZ9vvrZo4_mpkmZedBj92qjT24bXcE27q9YNqeYQxVNJ8s@h5vOEx27yLJFKH1R_k0ba26394bb876828_.exe"  Instance:0xAF0000 Show State:1
[3552:20528:2024-6-14 18:57:11.62] F:\
[3552:15340:2024-6-14 18:57:11.76] [process_requst] start, url:https://us02web.zoom.us/conf/launch
[3552:15340:2024-6-14 18:57:11.912] [req_state_read_status_code] zHttpQueryInfo complete, status:200
[3552:15340:2024-6-14 18:57:11.912] [req_state_read_status_code] zHttpQueryInfo complete, status:200 Error: 0
[3552:15340:2024-6-14 18:57:11.912] [read_response_content] API call zHttpQueryInfo failed, error: 12150
[3552:15340:2024-6-14 18:57:11.912] [log_response_content] Content length (1048576 as unknown):1048576 , Total read: 2508 , Error No: 0 , Status code: 200
[3552:15340:2024-6-14 18:57:11.912] [log_response_content] header:
[3552:15340:2024-6-14 18:57:11.912] HTTP/1.1 200 OK
Date: Fri, 14 Jun 2024 11:57:12 GMT
Content-Type: text/plain;charset=utf-8
Transfer-Encoding: chunked
Connection: keep-alive
x-zm-trackingid: v=2.0;clid=us02;rid=WEB_aea3d1b3d64e24796c96fa2153b29ad7
x-content-type-options: nosniff
content-security-policy: upgrade-insecure-requests; default-src https://*.zoom.us https://zoom.us blob: 'self'; img-src https: about: blob: data: 'self'; style-src https: safari-extension: chrome-extension: 'unsafe-inline' data: 'self'; font-src https: safari-extension: chrome-extension: blob: data: 'self'; connect-src * about: blob: data: 'self'; media-src * rtmp: blob: data: 'self'; frame-src https: ms-appx-web: zoommtg: zoomus: wvjbscheme: zoomprc: data: blob: 'self'; object-src 'none'; base-uri 'none';
x-frame-options: SAMEORIGIN
set-cookie: zm_aid=; Max-Age=0; Expires=Thu, 01 Jan 1970 00:00:10 GMT; Domain=zoom.us; Path=/; Secure; HttpOnly
x-zm-zoneid: VA
strict-transport-security: max-age=31536000; includeSubDomains
x-xss-protection: 1; mode=block
referrer-policy: strict-origin-when-cross-origin
CF-Cache-Status: DYNAMIC
Set-Cookie: zm_haid=; Max-Age=0; Expires=Thu, 01 Jan 1970 00:00:10 GMT; Domain=zoom.us; Path=/; Secure; HttpOnly
Set-Cookie: zm_tmaid=; Max-Age=0; Expires=Thu, 01 Jan 1970 00:00:10 GMT; Domain=zoom.us; Path=/; Secure; HttpOnly
Set-Cookie: zm_htmaid=; Max-Age=0; Expires=Thu, 01 Jan 1970 00:00:10 GMT; Domain=zoom.us; Path=/; Secure; HttpOnly
Set-Cookie: cred=C1D3BD3D9827A92E015C239D3DCAE256; Path=/; Secure; HttpOnly
Set-Cookie: _zm_page_auth=us02_c_6PwQ820BSfmjFhWzilveeA; Domain=zoom.us; Path=/; Secure; HttpOnly
Set-Cookie: _zm_ssid=us02_c_gYqGSyebTKqDOAQKuGDsmw; Domain=zoom.us; Path=/; Secure; HttpOnly
Set-Cookie: _zm_ctaid=PXIzWba8SXG5LArsYRpaoQ.1718366232076.4eab035b810ee52c57afb06db4ca77fd; Max-Age=7200; Expires=Fri, 14 Jun 2024 13:57:12 GMT; Domain=zoom.us; Path=/; Secure; HttpOnly
Set-Cookie: _zm_chtaid=752; Max-Age=7200; Expires=Fri, 14 Jun 2024 13:57:12 GMT; Domain=zoom.us; Path=/; Secure; HttpOnly
Set-Cookie: __cf_bm=IT9tBJ1rpHHDFvtY6vUnyt15LHAuicYUyn1Zj8PDJHQ-1718366232-1.0.1.1-0Wn2rUJxEl7HSwFy64xAqQLj0K3SWcogfCe5k.sUMr3cenbj9rdDnsaZEs8ehxJy.1HRH7vQJb8pBKMKBXKERQ; path=/; expires=Fri, 14-Jun-24 12:27:12 GMT; domain=.us02web.zoom.us; HttpOnly; Secure; SameSite=None
Server: cloudflare
CF-RAY: 893a2435ac7f8496-HKG
alt-svc: h3=":443"; ma=86400


[3552:15340:2024-6-14 18:57:11.912] [process_requst] End for url:https://us02web.zoom.us/conf/launch, return code:200, Error:0, Response content size:2508
[3552:20528:2024-6-14 18:57:11.939] [client_has_installed_app] found path:
[3552:20528:2024-6-14 18:57:11.939]  ***NULL-POINTER-PLACEHOLDER***
[3552:20528:2024-6-14 18:57:11.939] [param_query_local_path] path is: C:\Users\micha\AppData\Roaming\Zoom\ZoomDownload\ dir create response : 1 system error: 183
[3552:20528:2024-6-14 18:57:11.939] [downloader_run] State:0
[3552:20356:2024-6-14 18:57:11.939] [process_requst] start, url:https://us02web.zoom.us/client/latest/Installer.exe?archType=x64
[3552:20528:2024-6-14 18:57:11.939] [client_has_installed_app] found path:
[3552:20528:2024-6-14 18:57:11.939]  ***NULL-POINTER-PLACEHOLDER***
[3552:20356:2024-6-14 18:57:18.414] [req_state_read_status_code] zHttpQueryInfo complete, status:200
[3552:20356:2024-6-14 18:57:18.414] [req_state_read_status_code] zHttpQueryInfo complete, status:200 Error: 0
[16584:21132:2024-6-14 19:10:13.937] Main Start
[16584:21132:2024-6-14 19:10:13.937] Command line:"F:\JAVA5\shoppingOnline-service\Zoom_cm_fo42anktZ9vvrZo4_mpkmZedBj92qjT24bXcE27q9YNqeYQxVNJ8s@h5vOEx27yLJFKH1R_k0ba26394bb876828_.exe"  Instance:0x390000 Show State:1
[16584:21132:2024-6-14 19:10:13.966] F:\
[16584:9528:2024-6-14 19:10:13.969] [process_requst] start, url:https://us02web.zoom.us/conf/launch
[16584:9528:2024-6-14 19:10:23.230] [req_state_read_status_code] zHttpQueryInfo complete, status:200
[16584:9528:2024-6-14 19:10:23.230] [req_state_read_status_code] zHttpQueryInfo complete, status:200 Error: 0
[16584:9528:2024-6-14 19:10:23.230] [read_response_content] API call zHttpQueryInfo failed, error: 12150
[16584:9528:2024-6-14 19:10:25.477] [log_response_content] Content length (1048576 as unknown):1048576 , Total read: 2051 , Error No: 0 , Status code: 200
[16584:9528:2024-6-14 19:10:25.477] [log_response_content] header:
[16584:9528:2024-6-14 19:10:25.477] HTTP/1.1 200 OK
Date: Fri, 14 Jun 2024 12:10:23 GMT
Content-Type: text/plain;charset=utf-8
Transfer-Encoding: chunked
Connection: keep-alive
x-zm-trackingid: v=2.0;clid=us02;rid=WEB_575c5056984ea4f5e12017e5372ba42f
x-content-type-options: nosniff
content-security-policy: upgrade-insecure-requests; default-src https://*.zoom.us https://zoom.us blob: 'self'; img-src https: about: blob: data: 'self'; style-src https: safari-extension: chrome-extension: 'unsafe-inline' data: 'self'; font-src https: safari-extension: chrome-extension: blob: data: 'self'; connect-src * about: blob: data: 'self'; media-src * rtmp: blob: data: 'self'; frame-src https: ms-appx-web: zoommtg: zoomus: wvjbscheme: zoomprc: data: blob: 'self'; object-src 'none'; base-uri 'none';
x-frame-options: SAMEORIGIN
set-cookie: zm_aid=; Max-Age=0; Expires=Thu, 01 Jan 1970 00:00:10 GMT; Domain=zoom.us; Path=/; Secure; HttpOnly
x-zm-zoneid: VA
strict-transport-security: max-age=31536000; includeSubDomains
x-xss-protection: 1; mode=block
referrer-policy: strict-origin-when-cross-origin
CF-Cache-Status: DYNAMIC
Set-Cookie: zm_haid=; Max-Age=0; Expires=Thu, 01 Jan 1970 00:00:10 GMT; Domain=zoom.us; Path=/; Secure; HttpOnly
Set-Cookie: zm_tmaid=; Max-Age=0; Expires=Thu, 01 Jan 1970 00:00:10 GMT; Domain=zoom.us; Path=/; Secure; HttpOnly
Set-Cookie: zm_htmaid=; Max-Age=0; Expires=Thu, 01 Jan 1970 00:00:10 GMT; Domain=zoom.us; Path=/; Secure; HttpOnly
Set-Cookie: cred=5CB61C43FE6D9585A50FDE046FBE5287; Path=/; Secure; HttpOnly
Set-Cookie: _zm_page_auth=us02_c_57dy6HVrRI2u-t1z8AgzMA; Domain=zoom.us; Path=/; Secure; HttpOnly
Set-Cookie: _zm_ssid=us02_c_rhFq87w6TdWgMFpP2ZiWDA; Domain=zoom.us; Path=/; Secure; HttpOnly
Set-Cookie: __cf_bm=erQRApVaOZ1RQwM_WsQLRCGlrw4f5yGTkXtaRswrEp4-1718367023-1.0.1.1-RiTnTyCf4HxrYoQyRCD3621d1zvStU1iR6iCiEKWFZgWCmDDZan21bjjIyP1Pa5X6Cw.W31FlREaMewkdGRlyA; path=/; expires=Fri, 14-Jun-24 12:40:23 GMT; domain=.us02web.zoom.us; HttpOnly; Secure; SameSite=None
Server: cloudflare
CF-RAY: 893a3789dda98482-HKG
alt-svc: h3=":443"; ma=86400


[16584:9528:2024-6-14 19:10:25.477] [process_requst] End for url:https://us02web.zoom.us/conf/launch, return code:200, Error:0, Response content size:2051
[16584:21132:2024-6-14 19:10:25.510] [client_has_installed_app] found path:
[16584:21132:2024-6-14 19:10:25.510]  ***NULL-POINTER-PLACEHOLDER***
[16584:21132:2024-6-14 19:10:25.510] [param_query_local_path] path is: C:\Users\micha\AppData\Roaming\Zoom\ZoomDownload\ dir create response : 0 system error: 183
[16584:21132:2024-6-14 19:10:25.510] [downloader_run] State:0
[16584:6436:2024-6-14 19:10:25.510] [process_requst] start, url:https://us02web.zoom.us/client/latest/Installer.exe?archType=x64
[16584:21132:2024-6-14 19:10:25.510] [client_has_installed_app] found path:
[16584:21132:2024-6-14 19:10:25.510]  ***NULL-POINTER-PLACEHOLDER***
[16584:6436:2024-6-14 19:11:9.162] HttpSendRequest API failed1, error code: 12002
[16584:6436:2024-6-14 19:11:50.494] HttpSendRequest API failed, error code: 12002
[16584:6436:2024-6-14 19:11:50.498] [process_requst] End for url:https://us02web.zoom.us/client/latest/Installer.exe?archType=x64, return code:0, Error:1006, Response content size:0
[16584:21132:2024-6-14 19:11:50.554] [handle_download_job_done] Index: 1 Curr index: 1 StatusCode: 0 Error: 1006 Response is Empty. 
[16584:21132:2024-6-14 19:12:39.517] [downloader_retry] State:15
[16584:6436:2024-6-14 19:12:39.517] [process_requst] start, url:https://us02web.zoom.us/client/latest/Installer.exe?archType=x64
[16584:21132:2024-6-14 19:13:15.586] [downloader_cancel] State:1
[16584:21132:2024-6-14 19:13:18.601] Main End
